<?xml version="1.0" encoding="UTF-8"?>
<!-- Generated by org.testng.reporters.JUnitReportReporter -->
<testsuite hostname="DESKTOP-79Q8GK8" failures="0" tests="1" name="MobileAutomation.fistTestCase" time="1.449" errors="0" timestamp="2023-10-30T02:29:45 EET" skipped="0">
  <testcase classname="MobileAutomation.fistTestCase" name="click_login" time="1.449"/>
  <system-out/>
</testsuite> <!-- MobileAutomation.fistTestCase -->
