<?xml version="1.0" encoding="UTF-8"?>
<!-- Generated by org.testng.reporters.JUnitReportReporter -->
<testsuite hostname="DESKTOP-79Q8GK8" failures="0" tests="1" name="MobileAutomation.appiumBasics" time="4.524" errors="0" timestamp="2023-11-13T11:58:30 EET" skipped="0">
  <testcase classname="MobileAutomation.appiumBasics" name="Click_App_button" time="4.524"/>
  <system-out>
    <![CDATA[
[0;7m------------------------------------------------------------------------------------------------------------------------------------------------
                                        Starting Execution: '1 out of 1' test cases in the current suite                                        
                                          Test Method: 'MobileAutomation.appiumBasics.Click_App_button'                                          
------------------------------------------------------------------------------------------------------------------------------------------------
[0m
[ReportManager] Successfully created attachment 'SHAFT Engine Logs - Current Method log: Click_App_button' @13-11-2023 11:58:29.0557 am

[0;7m------------------------------------------------------------------------------------------------------------------------------------------------
                               Finished Execution of Test Method: 'MobileAutomation.appiumBasics.Click_App_button'                               
                                                              Test Status: 'Passed'                                                              
------------------------------------------------------------------------------------------------------------------------------------------------
[0m]]>
  </system-out>
</testsuite> <!-- MobileAutomation.appiumBasics -->
